\BOOKMARK [0][]{section*.1}{\376\377\144\130\211\201}{}% 1
\BOOKMARK [0][]{section*.2}{\376\377\000A\000b\000s\000t\000r\000a\000c\000t}{}% 2
\BOOKMARK [0][]{section*.3}{\376\377\166\356\000\040\000\040\137\125}{}% 3
\BOOKMARK [0][]{section*.4}{\376\377\143\322\000\040\000\040\126\376}{}% 4
\BOOKMARK [0][]{section*.5}{\376\377\210\150\000\040\000\040\150\074}{}% 5
\BOOKMARK [0][]{section*.6}{\376\377\177\051\121\231\060\001\173\046\123\367\156\005\123\125\060\001\147\057\213\355\210\150}{}% 6
\BOOKMARK [0][]{chapter.1}{\376\377\0001\000\040\176\352\213\272}{}% 7
\BOOKMARK [1][]{section.1.1}{\376\377\0001\000.\0001\000\040\213\376\230\230\200\314\146\157}{chapter.1}% 8
\BOOKMARK [1][]{section.1.2}{\376\377\0001\000.\0002\000\040\147\054\145\207\170\024\172\166\166\356\150\007\124\214\121\205\133\271}{chapter.1}% 9
\BOOKMARK [1][]{section.1.3}{\376\377\0001\000.\0003\000\040\147\054\145\207\176\323\147\204\133\211\143\222}{chapter.1}% 10
\BOOKMARK [0][]{chapter.2}{\376\377\0002\000\040\142\200\147\057\215\357\176\277\060\001\163\260\147\011\145\271\154\325\122\006\147\220\123\312\200\314\146\157\145\057\143\001}{}% 11
\BOOKMARK [1][]{section.2.1}{\376\377\0002\000.\0001\000\040\142\200\147\057\215\357\176\277\122\006\147\220}{chapter.2}% 12
\BOOKMARK [1][]{section.2.2}{\376\377\0002\000.\0002\000\040\126\375\121\205\131\026\170\024\172\166\163\260\162\266}{chapter.2}% 13
\BOOKMARK [2][]{subsection.2.2.1}{\376\377\0002\000.\0002\000.\0001\000\040\213\241\173\227\147\072\201\352\122\250\126\376\120\317\165\037\142\020}{section.2.2}% 14
\BOOKMARK [2][]{subsection.2.2.2}{\376\377\0002\000.\0002\000.\0002\000\040\210\150\171\072\133\146\116\140\116\016\000E\000m\000b\000e\000d\000d\000i\000n\000g}{section.2.2}% 15
\BOOKMARK [2][]{subsection.2.2.3}{\376\377\0002\000.\0002\000.\0003\000\040\136\217\122\027\123\026\165\037\142\020\377\032\000P\000i\000x\000e\000l\000R\000N\000N\000/\000C\000N\000N}{section.2.2}% 16
\BOOKMARK [1][]{section.2.3}{\376\377\0002\000.\0003\000\040\145\160\143\156\136\223\215\104\156\220}{chapter.2}% 17
\BOOKMARK [2][]{subsection.2.3.1}{\376\377\0002\000.\0003\000.\0001\000\040\202\172\147\057\124\301\116\244\146\023\145\160\143\156\136\223}{section.2.3}% 18
\BOOKMARK [2][]{subsection.2.3.2}{\376\377\0002\000.\0003\000.\0002\000\040\176\364\127\372\166\176\171\321\121\150\145\207}{section.2.3}% 19
\BOOKMARK [0][]{chapter.3}{\376\377\0003\000\040\127\372\116\216\213\355\116\111\213\306\122\053\166\204\201\352\122\250\221\115\202\162\145\271\150\110\217\205\122\251\213\276\213\241\135\345\121\167}{}% 20
\BOOKMARK [1][]{section.3.1}{\376\377\0003\000.\0001\000\040\174\373\176\337\176\323\147\204}{chapter.3}% 21
\BOOKMARK [1][]{section.3.2}{\376\377\0003\000.\0002\000\040\213\355\116\111\177\026\170\001\166\204\133\236\163\260}{chapter.3}% 22
\BOOKMARK [2][]{subsection.3.2.1}{\376\377\0003\000.\0002\000.\0001\000\040\174\373\176\337\176\323\147\204\116\113\213\355\116\111\144\034\175\042}{section.3.2}% 23
\BOOKMARK [2][]{subsection.3.2.2}{\376\377\0003\000.\0002\000.\0002\000\040\145\207\147\054\166\204\124\021\221\317\123\026}{section.3.2}% 24
\BOOKMARK [2][]{subsection.3.2.3}{\376\377\0003\000.\0002\000.\0003\000\040\147\054\174\373\176\337\166\204\123\125\213\315\124\021\221\317\123\026}{section.3.2}% 25
\BOOKMARK [2][]{subsection.3.2.4}{\376\377\0003\000.\0002\000.\0004\000\040\147\054\174\373\176\337\166\204\123\345\124\021\221\317\136\372\152\041}{section.3.2}% 26
\BOOKMARK [2][]{subsection.3.2.5}{\376\377\0003\000.\0002\000.\0005\000\040\144\034\175\042\173\227\154\325}{section.3.2}% 27
\BOOKMARK [1][]{section.3.3}{\376\377\0003\000.\0003\000\040\202\162\137\151\143\320\123\326}{chapter.3}% 28
\BOOKMARK [2][]{subsection.3.3.1}{\376\377\0003\000.\0003\000.\0001\000\040\174\373\176\337\176\323\147\204\116\113\202\162\137\151\143\320\123\326}{section.3.3}% 29
\BOOKMARK [2][]{subsection.3.3.2}{\376\377\0003\000.\0003\000.\0002\000\040\202\162\137\151\152\041\137\017}{section.3.3}% 30
\BOOKMARK [2][]{subsection.3.3.3}{\376\377\0003\000.\0003\000.\0003\000\040\202\162\137\151\143\320\123\326}{section.3.3}% 31
\BOOKMARK [1][]{section.3.4}{\376\377\0003\000.\0004\000\040\116\012\202\162\173\227\154\325}{chapter.3}% 32
\BOOKMARK [2][]{subsection.3.4.1}{\376\377\0003\000.\0004\000.\0001\000\040\174\373\176\337\176\323\147\204\116\113\201\352\122\250\116\012\202\162}{section.3.4}% 33
\BOOKMARK [2][]{subsection.3.4.2}{\376\377\0003\000.\0004\000.\0002\000\040\154\333\155\052\130\153\121\105\173\227\154\325}{section.3.4}% 34
\BOOKMARK [2][]{subsection.3.4.3}{\376\377\0003\000.\0004\000.\0003\000\040\116\000\116\233\225\356\230\230}{section.3.4}% 35
\BOOKMARK [1][]{section.3.5}{\376\377\0003\000.\0005\000\040\147\054\172\340\134\017\176\323}{chapter.3}% 36
\BOOKMARK [0][]{chapter.4}{\376\377\0004\000\040\133\236\232\214\176\323\147\234}{}% 37
\BOOKMARK [1][]{section.4.1}{\376\377\0004\000.\0001\000\040\217\223\121\145\213\355\123\345\166\204\155\113\213\325\150\110\117\213}{chapter.4}% 38
\BOOKMARK [1][]{section.4.2}{\376\377\0004\000.\0002\000\040\145\110\147\234\126\376\174\173\127\213\166\204\155\113\213\325\150\110\117\213}{chapter.4}% 39
\BOOKMARK [1][]{section.4.3}{\376\377\0004\000.\0003\000\040\147\054\172\340\134\017\176\323}{chapter.4}% 40
\BOOKMARK [0][]{section*.59}{\376\377\123\302\200\003\145\207\163\056}{}% 41
\BOOKMARK [0][]{section*.60}{\376\377\201\364\214\042}{}% 42
\BOOKMARK [0][]{chapter.1}{\376\377\226\104\137\125\000\040\000A\000\040\226\104\137\125\377\032\133\236\232\214\176\323\147\234}{}% 43
\BOOKMARK [1][]{section.1.1}{\376\377\000A\000.\0001\000\040\145\207\147\054\144\034\175\042\176\323\147\234}{chapter.1}% 44
\BOOKMARK [2][]{subsection.1.1.1}{\376\377\000A\000.\0001\000.\0001\000\040\217\223\121\145\377\032\156\051\147\324}{section.1.1}% 45
\BOOKMARK [2][]{subsection.1.1.2}{\376\377\000A\000.\0001\000.\0002\000\040\217\223\121\145\377\032\142\021\140\363\211\201\156\051\147\324\166\204\147\324\124\214\166\204\141\037\211\311}{section.1.1}% 46
\BOOKMARK [2][]{subsection.1.1.3}{\376\377\000A\000.\0001\000.\0003\000\040\217\223\121\145\000:\156\051\147\324\166\204\131\163\140\047\123\026\166\204\141\037\211\311}{section.1.1}% 47
\BOOKMARK [2][]{subsection.1.1.4}{\376\377\000A\000.\0001\000.\0004\000\040\217\223\121\145\000:\121\267\227\131\166\204\165\067\140\047}{section.1.1}% 48
\BOOKMARK [2][]{subsection.1.1.5}{\376\377\000A\000.\0001\000.\0005\000\040\217\223\121\145\000:\121\267\227\131\166\204\165\067\116\272}{section.1.1}% 49
\BOOKMARK [2][]{subsection.1.1.6}{\376\377\000A\000.\0001\000.\0006\000\040\217\223\121\145\000:\137\353\116\120\166\204\121\077\172\345}{section.1.1}% 50
