This is XeTeX, Version 3.14159265-2.6-0.99998 (TeX Live 2017) (preloaded format=xelatex 2017.11.25)  3 MAY 2018 18:55
entering extended mode
 restricted \write18 enabled.
 %&-line parsing enabled.
**thanks.tex
(./thanks.tex
LaTeX2e <2017-04-15>
Babel <3.10> and hyphenation patterns for 84 language(s) loaded.
! Undefined control sequence.
l.3 \chapter
            {è‡´è°¢}
The control sequence at the end of the top line
of your error message was never \def'ed. If you have
misspelled it (e.g., `\hobx'), type `I' and the correct
spelling (e.g., `I\hbox'). Otherwise just continue,
and I'll forget about whatever was undefined.


! LaTeX Error: Missing \begin{document}.

See the LaTeX manual or LaTeX Companion for explanation.
Type  H <return>  for immediate help.
 ...                                              
                                                  
l.3 \chapter{è‡´
                è°¢}
You're in trouble here.  Try typing  <return>  to proceed.
If that doesn't work, type  X <return>  to quit.

Missing character: There is no è‡´ in font nullfont!
Missing character: There is no è°¢ in font nullfont!
Missing character: There is no å² in font nullfont!
Missing character: There is no æœˆ in font nullfont!
Missing character: There is no å¦‚ in font nullfont!
Missing character: There is no æ¢­ in font nullfont!
Missing character: There is no ï¼Œ in font nullfont!
Missing character: There is no è½¬ in font nullfont!
Missing character: There is no çœ¼ in font nullfont!
Missing character: There is no é—´ in font nullfont!
Missing character: There is no ï¼Œ in font nullfont!
Missing character: There is no ä¸‰ in font nullfont!
Missing character: There is no å¹´ in font nullfont!
Missing character: There is no çš„ in font nullfont!
Missing character: There is no ç ” in font nullfont!
Missing character: There is no ç©¶ in font nullfont!
Missing character: There is no ç”Ÿ in font nullfont!
Missing character: There is no æ±‚ in font nullfont!
Missing character: There is no å­¦ in font nullfont!
Missing character: There is no ç”Ÿ in font nullfont!
Missing character: There is no æ´» in font nullfont!
Missing character: There is no å³ in font nullfont!
Missing character: There is no å°† in font nullfont!
Missing character: There is no ç»“ in font nullfont!
Missing character: There is no æŸ in font nullfont!
Missing character: There is no ï¼Œ in font nullfont!
Missing character: There is no ç«™ in font nullfont!
Missing character: There is no åœ¨ in font nullfont!
Missing character: There is no æ¯• in font nullfont!
Missing character: There is no ä¸š in font nullfont!
Missing character: There is no çš„ in font nullfont!
Missing character: There is no é—¨ in font nullfont!
Missing character: There is no æ§› in font nullfont!
Missing character: There is no ä¸Š in font nullfont!
Missing character: There is no ï¼Œ in font nullfont!
Missing character: There is no å› in font nullfont!
Missing character: There is no é¦– in font nullfont!
Missing character: There is no å¾€ in font nullfont!
Missing character: There is no æ˜” in font nullfont!
Missing character: There is no ï¼Œ in font nullfont!
Missing character: There is no å¥‹ in font nullfont!
Missing character: There is no æ–— in font nullfont!
Missing character: There is no å’Œ in font nullfont!
Missing character: There is no è¾› in font nullfont!
Missing character: There is no åŠ³ in font nullfont!
Missing character: There is no æˆ in font nullfont!
Missing character: There is no ä¸º in font nullfont!
Missing character: There is no ä¸ in font nullfont!
Missing character: There is no ä¸ in font nullfont!
Missing character: There is no çš„ in font nullfont!
Missing character: There is no è®° in font nullfont!
Missing character: There is no å¿† in font nullfont!
Missing character: There is no ï¼Œ in font nullfont!
Missing character: There is no ç”œ in font nullfont!
Missing character: There is no ç¾ in font nullfont!
Missing character: There is no ä¸ in font nullfont!
Missing character: There is no æ¬¢ in font nullfont!
Missing character: There is no ç¬‘ in font nullfont!
Missing character: There is no ä¹Ÿ in font nullfont!
Missing character: There is no éƒ½ in font nullfont!
Missing character: There is no å°˜ in font nullfont!
Missing character: There is no åŸƒ in font nullfont!
Missing character: There is no è½ in font nullfont!
Missing character: There is no å®š in font nullfont!
Missing character: There is no ã€‚ in font nullfont!
Missing character: There is no æµ™ in font nullfont!
Missing character: There is no æ±Ÿ in font nullfont!
Missing character: There is no å¤§ in font nullfont!
Missing character: There is no å­¦ in font nullfont!
Missing character: There is no ä»¥ in font nullfont!
Missing character: There is no å…¶ in font nullfont!
Missing character: There is no ä¼˜ in font nullfont!
Missing character: There is no è‰¯ in font nullfont!
Missing character: There is no çš„ in font nullfont!
Missing character: There is no å­¦ in font nullfont!
Missing character: There is no ä¹  in font nullfont!
Missing character: There is no é£ in font nullfont!
Missing character: There is no æ°” in font nullfont!
Missing character: There is no ã€ in font nullfont!
Missing character: There is no ä¸¥ in font nullfont!
Missing character: There is no è°¨ in font nullfont!
Missing character: There is no çš„ in font nullfont!
Missing character: There is no ç§‘ in font nullfont!
Missing character: There is no ç ” in font nullfont!
Missing character: There is no æ°› in font nullfont!
Missing character: There is no å›´ in font nullfont!
Missing character: There is no æ•™ in font nullfont!
Missing character: There is no æˆ‘ in font nullfont!
Missing character: There is no æ±‚ in font nullfont!
Missing character: There is no å­¦ in font nullfont!
Missing character: There is no ï¼Œ in font nullfont!
Missing character: There is no ä»¥ in font nullfont!
Missing character: There is no å…¶ in font nullfont!
Missing character: There is no åš in font nullfont!
Missing character: There is no å¤§ in font nullfont!
Missing character: There is no åŒ… in font nullfont!
Missing character: There is no å®¹ in font nullfont!
Missing character: There is no çš„ in font nullfont!
Missing character: There is no æƒ… in font nullfont!
Missing character: There is no æ€€ in font nullfont!
Missing character: There is no èƒ¸ in font nullfont!
Missing character: There is no è¥Ÿ in font nullfont!
Missing character: There is no ã€ in font nullfont!
Missing character: There is no æµª in font nullfont!
Missing character: There is no æ¼« in font nullfont!
Missing character: There is no å…… in font nullfont!
Missing character: There is no å® in font nullfont!
Missing character: There is no çš„ in font nullfont!
Missing character: There is no æ ¡ in font nullfont!
Missing character: There is no å›­ in font nullfont!
Missing character: There is no ç”Ÿ in font nullfont!
Missing character: There is no æ´» in font nullfont!
Missing character: There is no è‚² in font nullfont!
Missing character: There is no æˆ‘ in font nullfont!
Missing character: There is no æˆ in font nullfont!
Missing character: There is no äºº in font nullfont!
Missing character: There is no ã€‚ in font nullfont!
Missing character: There is no å€¼ in font nullfont!
Missing character: There is no æ­¤ in font nullfont!
Missing character: There is no æ¯• in font nullfont!
Missing character: There is no ä¸š in font nullfont!
Missing character: There is no è®º in font nullfont!
Missing character: There is no æ–‡ in font nullfont!
Missing character: There is no å®Œ in font nullfont!
Missing character: There is no æˆ in font nullfont!
Missing character: There is no ä¹‹ in font nullfont!
Missing character: There is no é™… in font nullfont!
Missing character: There is no ï¼Œ in font nullfont!
Missing character: There is no æˆ‘ in font nullfont!
Missing character: There is no è°¨ in font nullfont!
Missing character: There is no å‘ in font nullfont!
Missing character: There is no æ‰€ in font nullfont!
Missing character: There is no æœ‰ in font nullfont!
Missing character: There is no å…³ in font nullfont!
Missing character: There is no å¿ƒ in font nullfont!
Missing character: There is no ã€ in font nullfont!
Missing character: There is no çˆ± in font nullfont!
Missing character: There is no æŠ¤ in font nullfont!
Missing character: There is no ã€ in font nullfont!
Missing character: There is no å¸® in font nullfont!
Missing character: There is no åŠ© in font nullfont!
Missing character: There is no æˆ‘ in font nullfont!
Missing character: There is no çš„ in font nullfont!
Missing character: There is no äºº in font nullfont!
Missing character: There is no ä»¬ in font nullfont!
Missing character: There is no è¡¨ in font nullfont!
Missing character: There is no ç¤º in font nullfont!
Missing character: There is no æœ€ in font nullfont!
Missing character: There is no è¯š in font nullfont!
Missing character: There is no æŒš in font nullfont!
Missing character: There is no çš„ in font nullfont!
Missing character: There is no æ„Ÿ in font nullfont!
Missing character: There is no è°¢ in font nullfont!
Missing character: There is no ä¸ in font nullfont!
Missing character: There is no æœ€ in font nullfont!
Missing character: There is no ç¾ in font nullfont!
Missing character: There is no å¥½ in font nullfont!
Missing character: There is no çš„ in font nullfont!
Missing character: There is no ç¥ in font nullfont!
Missing character: There is no æ„¿ in font nullfont!
Missing character: There is no ã€‚ in font nullfont!

Overfull \hbox (20.0pt too wide) in paragraph at lines 3--5
[]
 []


! LaTeX Error: Missing \begin{document}.

See the LaTeX manual or LaTeX Companion for explanation.
Type  H <return>  for immediate help.
 ...                                              
                                                  
l.6 æœ¬
       è®ºæ–‡æ˜¯åœ¨å¯¼å¸ˆ...æ•™æˆçš„æ‚‰å¿ƒæŒ‡å¯¼ä¹‹ä¸‹å®Œæˆçš„ã€‚ä¸‰å¹´æ¥...

You're in trouble here.  Try typing  <return>  to proceed.
If that doesn't work, type  X <return>  to quit.

Missing character: There is no æœ¬ in font nullfont!
Missing character: There is no è®º in font nullfont!
Missing character: There is no æ–‡ in font nullfont!
Missing character: There is no æ˜¯ in font nullfont!
Missing character: There is no åœ¨ in font nullfont!
Missing character: There is no å¯¼ in font nullfont!
Missing character: There is no å¸ˆ in font nullfont!
Missing character: There is no . in font nullfont!
Missing character: There is no . in font nullfont!
Missing character: There is no . in font nullfont!
Missing character: There is no æ•™ in font nullfont!
Missing character: There is no æˆ in font nullfont!
Missing character: There is no çš„ in font nullfont!
Missing character: There is no æ‚‰ in font nullfont!
Missing character: There is no å¿ƒ in font nullfont!
Missing character: There is no æŒ‡ in font nullfont!
Missing character: There is no å¯¼ in font nullfont!
Missing character: There is no ä¹‹ in font nullfont!
Missing character: There is no ä¸‹ in font nullfont!
Missing character: There is no å®Œ in font nullfont!
Missing character: There is no æˆ in font nullfont!
Missing character: There is no çš„ in font nullfont!
Missing character: There is no ã€‚ in font nullfont!
Missing character: There is no ä¸‰ in font nullfont!
Missing character: There is no å¹´ in font nullfont!
Missing character: There is no æ¥ in font nullfont!
Missing character: There is no ï¼Œ in font nullfont!
Missing character: There is no å¯¼ in font nullfont!
Missing character: There is no å¸ˆ in font nullfont!
Missing character: There is no æ¸Š in font nullfont!
Missing character: There is no åš in font nullfont!
Missing character: There is no çš„ in font nullfont!
Missing character: There is no ä¸“ in font nullfont!
Missing character: There is no ä¸š in font nullfont!
Missing character: There is no çŸ¥ in font nullfont!
Missing character: There is no è¯† in font nullfont!
Missing character: There is no ï¼Œ in font nullfont!
Missing character: There is no ä¸¥ in font nullfont!
Missing character: There is no è°¨ in font nullfont!
Missing character: There is no çš„ in font nullfont!
Missing character: There is no æ²» in font nullfont!
Missing character: There is no å­¦ in font nullfont!
Missing character: There is no æ€ in font nullfont!
Missing character: There is no åº¦ in font nullfont!
Missing character: There is no ï¼Œ in font nullfont!
Missing character: There is no ç²¾ in font nullfont!
Missing character: There is no ç›Š in font nullfont!
Missing character: There is no æ±‚ in font nullfont!
Missing character: There is no ç²¾ in font nullfont!
Missing character: There is no çš„ in font nullfont!
Missing character: There is no å·¥ in font nullfont!
Missing character: There is no ä½œ in font nullfont!
Missing character: There is no ä½œ in font nullfont!
Missing character: There is no é£ in font nullfont!
Missing character: There is no ï¼Œ in font nullfont!
Missing character: There is no è¯² in font nullfont!
Missing character: There is no äºº in font nullfont!
Missing character: There is no ä¸ in font nullfont!
Missing character: There is no å€¦ in font nullfont!
Missing character: There is no çš„ in font nullfont!
Missing character: There is no é«˜ in font nullfont!
Missing character: There is no å°š in font nullfont!
Missing character: There is no å¸ˆ in font nullfont!
Missing character: There is no å¾· in font nullfont!
Missing character: There is no ï¼Œ in font nullfont!
Missing character: There is no æœ´ in font nullfont!
Missing character: There is no å® in font nullfont!
Missing character: There is no æ—  in font nullfont!
Missing character: There is no å in font nullfont!
Missing character: There is no ã€ in font nullfont!
Missing character: There is no å¹³ in font nullfont!
Missing character: There is no æ˜“ in font nullfont!
Missing character: There is no è¿‘ in font nullfont!
Missing character: There is no äºº in font nullfont!
Missing character: There is no çš„ in font nullfont!
Missing character: There is no äºº in font nullfont!
Missing character: There is no æ ¼ in font nullfont!
Missing character: There is no é­… in font nullfont!
Missing character: There is no åŠ› in font nullfont!
Missing character: There is no å¯¹ in font nullfont!
Missing character: There is no æˆ‘ in font nullfont!
Missing character: There is no å½± in font nullfont!
Missing character: There is no å“ in font nullfont!
Missing character: There is no æ·± in font nullfont!
Missing character: There is no è¿œ in font nullfont!
Missing character: There is no ã€‚ in font nullfont!
Missing character: There is no å¯¼ in font nullfont!
Missing character: There is no å¸ˆ in font nullfont!
Missing character: There is no ä¸ in font nullfont!
Missing character: There is no ä»… in font nullfont!
Missing character: There is no æˆ in font nullfont!
Missing character: There is no æˆ‘ in font nullfont!
Missing character: There is no ä»¥ in font nullfont!
Missing character: There is no æ–‡ in font nullfont!
Missing character: There is no ï¼Œ in font nullfont!
Missing character: There is no è€Œ in font nullfont!
Missing character: There is no ä¸” in font nullfont!
Missing character: There is no æ•™ in font nullfont!
Missing character: There is no æˆ‘ in font nullfont!
Missing character: There is no åš in font nullfont!
Missing character: There is no äºº in font nullfont!
Missing character: There is no ï¼Œ in font nullfont!
Missing character: There is no è™½ in font nullfont!
Missing character: There is no å† in font nullfont!
Missing character: There is no æ—¶ in font nullfont!
Missing character: There is no ä¸‰ in font nullfont!
Missing character: There is no è½½ in font nullfont!
Missing character: There is no ï¼Œ in font nullfont!
Missing character: There is no å´ in font nullfont!
Missing character: There is no èµ‹ in font nullfont!
Missing character: There is no äºˆ in font nullfont!
Missing character: There is no æˆ‘ in font nullfont!
Missing character: There is no ç»ˆ in font nullfont!
Missing character: There is no ç”Ÿ in font nullfont!
Missing character: There is no å— in font nullfont!
Missing character: There is no ç›Š in font nullfont!
Missing character: There is no æ—  in font nullfont!
Missing character: There is no ç©· in font nullfont!
Missing character: There is no ä¹‹ in font nullfont!
Missing character: There is no é“ in font nullfont!
Missing character: There is no ã€‚ in font nullfont!
Missing character: There is no æœ¬ in font nullfont!
Missing character: There is no è®º in font nullfont!
Missing character: There is no æ–‡ in font nullfont!
Missing character: There is no ä» in font nullfont!
Missing character: There is no é€‰ in font nullfont!
Missing character: There is no é¢˜ in font nullfont!
Missing character: There is no åˆ° in font nullfont!
Missing character: There is no å®Œ in font nullfont!
Missing character: There is no æˆ in font nullfont!
Missing character: There is no ï¼Œ in font nullfont!
Missing character: There is no å‡  in font nullfont!
Missing character: There is no æ˜“ in font nullfont!
Missing character: There is no å…¶ in font nullfont!
Missing character: There is no ç¨¿ in font nullfont!
Missing character: There is no ï¼Œ in font nullfont!
Missing character: There is no æ¯ in font nullfont!
Missing character: There is no ä¸€ in font nullfont!
Missing character: There is no æ­¥ in font nullfont!
Missing character: There is no éƒ½ in font nullfont!
Missing character: There is no æ˜¯ in font nullfont!
Missing character: There is no åœ¨ in font nullfont!
Missing character: There is no å¯¼ in font nullfont!
Missing character: There is no å¸ˆ in font nullfont!
Missing character: There is no çš„ in font nullfont!
Missing character: There is no æŒ‡ in font nullfont!
Missing character: There is no å¯¼ in font nullfont!
Missing character: There is no ä¸‹ in font nullfont!
Missing character: There is no å®Œ in font nullfont!
Missing character: There is no æˆ in font nullfont!
Missing character: There is no çš„ in font nullfont!
Missing character: There is no ï¼Œ in font nullfont!
Missing character: There is no å€¾ in font nullfont!
Missing character: There is no æ³¨ in font nullfont!
Missing character: There is no äº† in font nullfont!
Missing character: There is no å¯¼ in font nullfont!
Missing character: There is no å¸ˆ in font nullfont!
Missing character: There is no å¤§ in font nullfont!
Missing character: There is no é‡ in font nullfont!
Missing character: There is no çš„ in font nullfont!
Missing character: There is no å¿ƒ in font nullfont!
Missing character: There is no è¡€ in font nullfont!
Missing character: There is no ï¼Œ in font nullfont!
Missing character: There is no åœ¨ in font nullfont!
Missing character: There is no æ­¤ in font nullfont!
Missing character: There is no æˆ‘ in font nullfont!
Missing character: There is no å‘ in font nullfont!
Missing character: There is no æˆ‘ in font nullfont!
Missing character: There is no çš„ in font nullfont!
Missing character: There is no å¯¼ in font nullfont!
Missing character: There is no å¸ˆ in font nullfont!
Missing character: There is no . in font nullfont!
Missing character: There is no . in font nullfont!
Missing character: There is no . in font nullfont!
Missing character: There is no æ•™ in font nullfont!
Missing character: There is no æˆ in font nullfont!
Missing character: There is no è¡¨ in font nullfont!
Missing character: There is no ç¤º in font nullfont!
Missing character: There is no æ·± in font nullfont!
Missing character: There is no åˆ‡ in font nullfont!
Missing character: There is no çš„ in font nullfont!
Missing character: There is no è°¢ in font nullfont!
Missing character: There is no æ„ in font nullfont!
Missing character: There is no ä¸ in font nullfont!
Missing character: There is no ç¥ in font nullfont!
Missing character: There is no ç¦ in font nullfont!
Missing character: There is no ! in font nullfont!

Overfull \hbox (20.0pt too wide) in paragraph at lines 6--7
[] 
 []


! LaTeX Error: Missing \begin{document}.

See the LaTeX manual or LaTeX Companion for explanation.
Type  H <return>  for immediate help.
 ...                                              
                                                  
l.8 æœ¬
       è®ºæ–‡çš„å®Œæˆä¹Ÿç¦»ä¸å¼€å…¶ä»–å„ä½è€å¸ˆã€åŒå­¦å’Œæœ‹å‹çš„å…³...

You're in trouble here.  Try typing  <return>  to proceed.
If that doesn't work, type  X <return>  to quit.

Missing character: There is no æœ¬ in font nullfont!
Missing character: There is no è®º in font nullfont!
Missing character: There is no æ–‡ in font nullfont!
Missing character: There is no çš„ in font nullfont!
Missing character: There is no å®Œ in font nullfont!
Missing character: There is no æˆ in font nullfont!
Missing character: There is no ä¹Ÿ in font nullfont!
Missing character: There is no ç¦» in font nullfont!
Missing character: There is no ä¸ in font nullfont!
Missing character: There is no å¼€ in font nullfont!
Missing character: There is no å…¶ in font nullfont!
Missing character: There is no ä»– in font nullfont!
Missing character: There is no å„ in font nullfont!
Missing character: There is no ä½ in font nullfont!
Missing character: There is no è€ in font nullfont!
Missing character: There is no å¸ˆ in font nullfont!
Missing character: There is no ã€ in font nullfont!
Missing character: There is no åŒ in font nullfont!
Missing character: There is no å­¦ in font nullfont!
Missing character: There is no å’Œ in font nullfont!
Missing character: There is no æœ‹ in font nullfont!
Missing character: There is no å‹ in font nullfont!
Missing character: There is no çš„ in font nullfont!
Missing character: There is no å…³ in font nullfont!
Missing character: There is no å¿ƒ in font nullfont!
Missing character: There is no ä¸ in font nullfont!
Missing character: There is no å¸® in font nullfont!
Missing character: There is no åŠ© in font nullfont!
Missing character: There is no ã€‚ in font nullfont!
Missing character: There is no åœ¨ in font nullfont!
Missing character: There is no æ­¤ in font nullfont!
Missing character: There is no ä¹Ÿ in font nullfont!
Missing character: There is no è¦ in font nullfont!
Missing character: There is no æ„Ÿ in font nullfont!
Missing character: There is no è°¢ in font nullfont!
Missing character: There is no . in font nullfont!
Missing character: There is no . in font nullfont!
Missing character: There is no . in font nullfont!
Missing character: There is no ã€ in font nullfont!
Missing character: There is no . in font nullfont!
Missing character: There is no . in font nullfont!
Missing character: There is no . in font nullfont!
Missing character: There is no ç­‰ in font nullfont!
Missing character: There is no å„ in font nullfont!
Missing character: There is no ä½ in font nullfont!
Missing character: There is no è€ in font nullfont!
Missing character: There is no å¸ˆ in font nullfont!
Missing character: There is no åœ¨ in font nullfont!
Missing character: There is no è®º in font nullfont!
Missing character: There is no æ–‡ in font nullfont!
Missing character: There is no å¼€ in font nullfont!
Missing character: There is no é¢˜ in font nullfont!
Missing character: There is no ã€ in font nullfont!
Missing character: There is no åˆ in font nullfont!
Missing character: There is no ç¨¿ in font nullfont!
Missing character: There is no ã€ in font nullfont!
Missing character: There is no é¢„ in font nullfont!
Missing character: There is no ç­” in font nullfont!
Missing character: There is no è¾© in font nullfont!
Missing character: There is no æœŸ in font nullfont!
Missing character: There is no é—´ in font nullfont!
Missing character: There is no æ‰€ in font nullfont!
Missing character: There is no æ in font nullfont!
Missing character: There is no å‡º in font nullfont!
Missing character: There is no çš„ in font nullfont!
Missing character: There is no å® in font nullfont!
Missing character: There is no è´µ in font nullfont!
Missing character: There is no æ„ in font nullfont!
Missing character: There is no è§ in font nullfont!
Missing character: There is no ï¼Œ in font nullfont!
Missing character: There is no æ„Ÿ in font nullfont!
Missing character: There is no è°¢ in font nullfont!
Missing character: There is no åˆ› in font nullfont!
Missing character: There is no æ–° in font nullfont!
Missing character: There is no è®¾ in font nullfont!
Missing character: There is no è®¡ in font nullfont!
Missing character: There is no è¯¾ in font nullfont!
Missing character: There is no é¢˜ in font nullfont!
Missing character: There is no ç»„ in font nullfont!
Missing character: There is no ä¸º in font nullfont!
Missing character: There is no æœ¬ in font nullfont!
Missing character: There is no è®º in font nullfont!
Missing character: There is no æ–‡ in font nullfont!
Missing character: There is no æ in font nullfont!
Missing character: There is no ä¾› in font nullfont!
Missing character: There is no çš„ in font nullfont!
Missing character: There is no æ•° in font nullfont!
Missing character: There is no æ® in font nullfont!
Missing character: There is no å’Œ in font nullfont!
Missing character: There is no å»º in font nullfont!
Missing character: There is no è®® in font nullfont!
Missing character: There is no ï¼Œ in font nullfont!
Missing character: There is no è¿˜ in font nullfont!
Missing character: There is no è¦ in font nullfont!
Missing character: There is no æ„Ÿ in font nullfont!
Missing character: There is no è°¢ in font nullfont!
Missing character: There is no åŒ in font nullfont!
Missing character: There is no é—¨ in font nullfont!
Missing character: There is no çš„ in font nullfont!
Missing character: There is no å¸ˆ in font nullfont!
Missing character: There is no å…„ in font nullfont!
Missing character: There is no å¸ˆ in font nullfont!
Missing character: There is no å¦¹ in font nullfont!
Missing character: There is no ä»¬ in font nullfont!
Missing character: There is no ï¼Œ in font nullfont!
Missing character: There is no åœ¨ in font nullfont!
Missing character: There is no ç§‘ in font nullfont!
Missing character: There is no ç ” in font nullfont!
Missing character: There is no è¿‡ in font nullfont!
Missing character: There is no ç¨‹ in font nullfont!
Missing character: There is no ä¸­ in font nullfont!
Missing character: There is no ç»™ in font nullfont!
Missing character: There is no æˆ‘ in font nullfont!
Missing character: There is no ä»¥ in font nullfont!
Missing character: There is no è®¸ in font nullfont!
Missing character: There is no å¤š in font nullfont!
Missing character: There is no é¼“ in font nullfont!
Missing character: There is no åŠ± in font nullfont!
Missing character: There is no å’Œ in font nullfont!
Missing character: There is no å¸® in font nullfont!
Missing character: There is no åŠ© in font nullfont!
Missing character: There is no ã€‚ in font nullfont!
Missing character: There is no å› in font nullfont!
Missing character: There is no æƒ³ in font nullfont!
Missing character: There is no æ•´ in font nullfont!
Missing character: There is no ä¸ª in font nullfont!
Missing character: There is no è®º in font nullfont!
Missing character: There is no æ–‡ in font nullfont!
Missing character: There is no çš„ in font nullfont!
Missing character: There is no å†™ in font nullfont!
Missing character: There is no ä½œ in font nullfont!
Missing character: There is no è¿‡ in font nullfont!
Missing character: There is no ç¨‹ in font nullfont!
Missing character: There is no ï¼Œ in font nullfont!
Missing character: There is no è™½ in font nullfont!
Missing character: There is no æœ‰ in font nullfont!
Missing character: There is no ä¸ in font nullfont!
Missing character: There is no æ˜“ in font nullfont!
Missing character: There is no ï¼Œ in font nullfont!
Missing character: There is no å´ in font nullfont!
Missing character: There is no è®© in font nullfont!
Missing character: There is no æˆ‘ in font nullfont!
Missing character: There is no é™¤ in font nullfont!
Missing character: There is no å´ in font nullfont!
Missing character: There is no æµ® in font nullfont!
Missing character: There is no èº in font nullfont!
Missing character: There is no ï¼Œ in font nullfont!
Missing character: There is no ç» in font nullfont!
Missing character: There is no å† in font nullfont!
Missing character: There is no äº† in font nullfont!
Missing character: There is no æ€ in font nullfont!
Missing character: There is no è€ƒ in font nullfont!
Missing character: There is no å’Œ in font nullfont!
Missing character: There is no å¯ in font nullfont!
Missing character: There is no ç¤º in font nullfont!
Missing character: There is no ï¼Œ in font nullfont!
Missing character: There is no å›  in font nullfont!
Missing character: There is no æ­¤ in font nullfont!
Missing character: There is no å€ in font nullfont!
Missing character: There is no æ„Ÿ in font nullfont!
Missing character: There is no ç in font nullfont!
Missing character: There is no æƒœ in font nullfont!
Missing character: There is no ã€‚ in font nullfont!

Overfull \hbox (20.0pt too wide) in paragraph at lines 8--9
[] 
 []


! LaTeX Error: Missing \begin{document}.

See the LaTeX manual or LaTeX Companion for explanation.
Type  H <return>  for immediate help.
 ...                                              
                                                  
l.10 è¿˜
        è¦æ„Ÿè°¢çˆ¶æ¯åœ¨æˆ‘æ±‚å­¦ç”Ÿæ¶¯ä¸­ç»™ä¸æˆ‘æ— å¾®ä¸è‡³çš„å…³æ€€å’...

You're in trouble here.  Try typing  <return>  to proceed.
If that doesn't work, type  X <return>  to quit.

Missing character: There is no è¿˜ in font nullfont!
Missing character: There is no è¦ in font nullfont!
Missing character: There is no æ„Ÿ in font nullfont!
Missing character: There is no è°¢ in font nullfont!
Missing character: There is no çˆ¶ in font nullfont!
Missing character: There is no æ¯ in font nullfont!
Missing character: There is no åœ¨ in font nullfont!
Missing character: There is no æˆ‘ in font nullfont!
Missing character: There is no æ±‚ in font nullfont!
Missing character: There is no å­¦ in font nullfont!
Missing character: There is no ç”Ÿ in font nullfont!
Missing character: There is no æ¶¯ in font nullfont!
Missing character: There is no ä¸­ in font nullfont!
Missing character: There is no ç»™ in font nullfont!
Missing character: There is no ä¸ in font nullfont!
Missing character: There is no æˆ‘ in font nullfont!
Missing character: There is no æ—  in font nullfont!
Missing character: There is no å¾® in font nullfont!
Missing character: There is no ä¸ in font nullfont!
Missing character: There is no è‡³ in font nullfont!
Missing character: There is no çš„ in font nullfont!
Missing character: There is no å…³ in font nullfont!
Missing character: There is no æ€€ in font nullfont!
Missing character: There is no å’Œ in font nullfont!
Missing character: There is no ç…§ in font nullfont!
Missing character: There is no é¡¾ in font nullfont!
Missing character: There is no ï¼Œ in font nullfont!
Missing character: There is no ä¸€ in font nullfont!
Missing character: There is no å¦‚ in font nullfont!
Missing character: There is no æ—¢ in font nullfont!
Missing character: There is no å¾€ in font nullfont!
Missing character: There is no åœ° in font nullfont!
Missing character: There is no æ”¯ in font nullfont!
Missing character: There is no æŒ in font nullfont!
Missing character: There is no æˆ‘ in font nullfont!
Missing character: There is no ã€ in font nullfont!
Missing character: There is no é¼“ in font nullfont!
Missing character: There is no åŠ± in font nullfont!
Missing character: There is no æˆ‘ in font nullfont!
Missing character: There is no ã€‚ in font nullfont!
Missing character: There is no æœ€ in font nullfont!
Missing character: There is no å in font nullfont!
Missing character: There is no è¦ in font nullfont!
Missing character: There is no æ„Ÿ in font nullfont!
Missing character: There is no è°¢ in font nullfont!
Missing character: There is no æˆ‘ in font nullfont!
Missing character: There is no çš„ in font nullfont!
Missing character: There is no ç”· in font nullfont!
Missing character: There is no å‹ in font nullfont!
Missing character: There is no ï¼Œ in font nullfont!
Missing character: There is no åœ¨ in font nullfont!
Missing character: There is no å­¦ in font nullfont!
Missing character: There is no ä¹  in font nullfont!
Missing character: There is no æœŸ in font nullfont!
Missing character: There is no é—´ in font nullfont!
Missing character: There is no ç»™ in font nullfont!
Missing character: There is no æˆ‘ in font nullfont!
Missing character: There is no çš„ in font nullfont!
Missing character: There is no æ”¯ in font nullfont!
Missing character: There is no æŒ in font nullfont!
Missing character: There is no å’Œ in font nullfont!
Missing character: There is no å¸® in font nullfont!
Missing character: There is no åŠ© in font nullfont!
Missing character: There is no ï¼Œ in font nullfont!
Missing character: There is no ä¹Ÿ in font nullfont!
Missing character: There is no åœ¨ in font nullfont!
Missing character: There is no ç”Ÿ in font nullfont!
Missing character: There is no æ´» in font nullfont!
Missing character: There is no ä¸Š in font nullfont!
Missing character: There is no ç»™ in font nullfont!
Missing character: There is no äºˆ in font nullfont!
Missing character: There is no æˆ‘ in font nullfont!
Missing character: There is no åŒ… in font nullfont!
Missing character: There is no å®¹ in font nullfont!
Missing character: There is no ä¸ in font nullfont!
Missing character: There is no é¼“ in font nullfont!
Missing character: There is no åŠ± in font nullfont!
Missing character: There is no ã€‚ in font nullfont!

Overfull \hbox (20.0pt too wide) in paragraph at lines 10--11
[] 
 []


! LaTeX Error: Missing \begin{document}.

See the LaTeX manual or LaTeX Companion for explanation.
Type  H <return>  for immediate help.
 ...                                              
                                                  
l.13 \hfill
           
You're in trouble here.  Try typing  <return>  to proceed.
If that doesn't work, type  X <return>  to quit.

Missing character: There is no äº in font nullfont!
Missing character: There is no æ±‚ in font nullfont!
Missing character: There is no æ˜¯ in font nullfont!
Missing character: There is no å›­ in font nullfont!
Missing character: There is no 2 in font nullfont!
Missing character: There is no 0 in font nullfont!
Missing character: There is no 1 in font nullfont!
Missing character: There is no 8 in font nullfont!
Missing character: There is no å¹´ in font nullfont!
Missing character: There is no 4 in font nullfont!
Missing character: There is no æœˆ in font nullfont!
Missing character: There is no 1 in font nullfont!
Missing character: There is no 6 in font nullfont!
Missing character: There is no æ—¥ in font nullfont!
Missing character: There is no èƒ¡ in font nullfont!
Missing character: There is no è¿ª in font nullfont!
LaTeX Font Info:    External font `cmex10' loaded for size
(Font)              <7> on input line 19.
LaTeX Font Info:    External font `cmex10' loaded for size
(Font)              <5> on input line 19.
)
! Emergency stop.
<*> thanks.tex
              
*** (job aborted, no legal \end found)

 
Here is how much of TeX's memory you used:
 5 strings out of 493005
 60 string characters out of 6134595
 61634 words of memory out of 5000000
 4079 multiletter control sequences out of 15000+600000
 3640 words of font info for 14 fonts, out of 8000000 for 9000
 1348 hyphenation exceptions out of 8191
 20i,3n,18p,200b,105s stack positions out of 5000i,500n,10000p,200000b,80000s
No pages of output.
