This is XeTeX, Version 3.14159265-2.6-0.99998 (TeX Live 2017) (preloaded format=xelatex 2017.11.25)  3 MAY 2018 18:51
entering extended mode
 restricted \write18 enabled.
 %&-line parsing enabled.
**abstract-zh.tex
(./abstract-zh.tex
LaTeX2e <2017-04-15>
Babel <3.10> and hyphenation patterns for 84 language(s) loaded.
! Undefined control sequence.
l.1 \chapter
            {æ‘˜è¦}
The control sequence at the end of the top line
of your error message was never \def'ed. If you have
misspelled it (e.g., `\hobx'), type `I' and the correct
spelling (e.g., `I\hbox'). Otherwise just continue,
and I'll forget about whatever was undefined.


! LaTeX Error: Missing \begin{document}.

See the LaTeX manual or LaTeX Companion for explanation.
Type  H <return>  for immediate help.
 ...                                              
                                                  
l.1 \chapter{æ‘˜
                è¦}
You're in trouble here.  Try typing  <return>  to proceed.
If that doesn't work, type  X <return>  to quit.

Missing character: There is no æ‘˜ in font nullfont!
Missing character: There is no è¦ in font nullfont!

Overfull \hbox (20.0pt too wide) in paragraph at lines 1--2
[] 
 []


! LaTeX Error: Missing \begin{document}.

See the LaTeX manual or LaTeX Companion for explanation.
Type  H <return>  for immediate help.
 ...                                              
                                                  
l.3 è®¡
       ç®—æœºè¾…åŠ©è‰ºæœ¯è®¾è®¡ä¾‹å¦‚è®¡ç®—æœºç»˜ç”»ã€è®¡ç®—æœºè‡ªåŠ¨ä¸Šè‰²...

You're in trouble here.  Try typing  <return>  to proceed.
If that doesn't work, type  X <return>  to quit.

Missing character: There is no è®¡ in font nullfont!
Missing character: There is no ç®— in font nullfont!
Missing character: There is no æœº in font nullfont!
Missing character: There is no è¾… in font nullfont!
Missing character: There is no åŠ© in font nullfont!
Missing character: There is no è‰º in font nullfont!
Missing character: There is no æœ¯ in font nullfont!
Missing character: There is no è®¾ in font nullfont!
Missing character: There is no è®¡ in font nullfont!
Missing character: There is no ä¾‹ in font nullfont!
Missing character: There is no å¦‚ in font nullfont!
Missing character: There is no è®¡ in font nullfont!
Missing character: There is no ç®— in font nullfont!
Missing character: There is no æœº in font nullfont!
Missing character: There is no ç»˜ in font nullfont!
Missing character: There is no ç”» in font nullfont!
Missing character: There is no ã€ in font nullfont!
Missing character: There is no è®¡ in font nullfont!
Missing character: There is no ç®— in font nullfont!
Missing character: There is no æœº in font nullfont!
Missing character: There is no è‡ª in font nullfont!
Missing character: There is no åŠ¨ in font nullfont!
Missing character: There is no ä¸Š in font nullfont!
Missing character: There is no è‰² in font nullfont!
Missing character: There is no ç­‰ in font nullfont!
Missing character: There is no æ˜¯ in font nullfont!
Missing character: There is no ä¸€ in font nullfont!
Missing character: There is no ä¸ª in font nullfont!
Missing character: There is no ç§‘ in font nullfont!
Missing character: There is no ç ” in font nullfont!
Missing character: There is no äºº in font nullfont!
Missing character: There is no å‘˜ in font nullfont!
Missing character: There is no é•¿ in font nullfont!
Missing character: There is no æœŸ in font nullfont!
Missing character: There is no è¿› in font nullfont!
Missing character: There is no è¡Œ in font nullfont!
Missing character: There is no æ¢ in font nullfont!
Missing character: There is no ç´¢ in font nullfont!
Missing character: There is no çš„ in font nullfont!
Missing character: There is no é—® in font nullfont!
Missing character: There is no é¢˜ in font nullfont!
Missing character: There is no ï¼Œ in font nullfont!
Missing character: There is no å›  in font nullfont!
Missing character: There is no ä¸º in font nullfont!
Missing character: There is no å…¶ in font nullfont!
Missing character: There is no ä¸ in font nullfont!
Missing character: There is no äºº in font nullfont!
Missing character: There is no ç±» in font nullfont!
Missing character: There is no å¤š in font nullfont!
Missing character: There is no æ · in font nullfont!
Missing character: There is no åŒ– in font nullfont!
Missing character: There is no çš„ in font nullfont!
Missing character: There is no è¡¨ in font nullfont!
Missing character: There is no è¾¾ in font nullfont!
Missing character: There is no æ–¹ in font nullfont!
Missing character: There is no å¼ in font nullfont!
Missing character: There is no ç›¸ in font nullfont!
Missing character: There is no å…³ in font nullfont!
Missing character: There is no ï¼Œ in font nullfont!
Missing character: There is no è€Œ in font nullfont!
Missing character: There is no äºº in font nullfont!
Missing character: There is no ç±» in font nullfont!
Missing character: There is no æ„Ÿ in font nullfont!
Missing character: There is no å— in font nullfont!
Missing character: There is no ä¸ in font nullfont!
Missing character: There is no å¤ in font nullfont!
Missing character: There is no æ‚ in font nullfont!
Missing character: There is no å¤š in font nullfont!
Missing character: There is no å˜ in font nullfont!
Missing character: There is no ï¼Œ in font nullfont!
Missing character: There is no ä½¿ in font nullfont!
Missing character: There is no å…¶ in font nullfont!
Missing character: There is no æˆ in font nullfont!
Missing character: There is no ä¸º in font nullfont!
Missing character: There is no ä¸€ in font nullfont!
Missing character: There is no ä¸ª in font nullfont!
Missing character: There is no æŒ‘ in font nullfont!
Missing character: There is no æˆ˜ in font nullfont!
Missing character: There is no æ€§ in font nullfont!
Missing character: There is no å¼º in font nullfont!
Missing character: There is no è€Œ in font nullfont!
Missing character: There is no åˆ in font nullfont!
Missing character: There is no æŒ in font nullfont!
Missing character: There is no ç»­ in font nullfont!
Missing character: There is no æ¢ in font nullfont!
Missing character: There is no ç´¢ in font nullfont!
Missing character: There is no çš„ in font nullfont!
Missing character: There is no é¢† in font nullfont!
Missing character: There is no åŸŸ in font nullfont!
Missing character: There is no ã€‚ in font nullfont!
Missing character: There is no éš in font nullfont!
Missing character: There is no ç€ in font nullfont!
Missing character: There is no äºº in font nullfont!
Missing character: There is no å·¥ in font nullfont!
Missing character: There is no æ™º in font nullfont!
Missing character: There is no èƒ½ in font nullfont!
Missing character: There is no ä¸ in font nullfont!
Missing character: There is no æœº in font nullfont!
Missing character: There is no å™¨ in font nullfont!
Missing character: There is no å­¦ in font nullfont!
Missing character: There is no ä¹  in font nullfont!
Missing character: There is no æœ€ in font nullfont!
Missing character: There is no è¿‘ in font nullfont!
Missing character: There is no å‡  in font nullfont!
Missing character: There is no å¹´ in font nullfont!
Missing character: There is no çš„ in font nullfont!
Missing character: There is no å‘ in font nullfont!
Missing character: There is no å±• in font nullfont!
Missing character: There is no ï¼Œ in font nullfont!
Missing character: There is no è®¡ in font nullfont!
Missing character: There is no ç®— in font nullfont!
Missing character: There is no æœº in font nullfont!
Missing character: There is no è‰º in font nullfont!
Missing character: There is no æœ¯ in font nullfont!
Missing character: There is no è¾… in font nullfont!
Missing character: There is no åŠ© in font nullfont!
Missing character: There is no ç³» in font nullfont!
Missing character: There is no ç»Ÿ in font nullfont!
Missing character: There is no æœ‰ in font nullfont!
Missing character: There is no äº† in font nullfont!
Missing character: There is no æ–° in font nullfont!
Missing character: There is no çš„ in font nullfont!
Missing character: There is no çª in font nullfont!
Missing character: There is no ç ´ in font nullfont!
Missing character: There is no ï¼Œ in font nullfont!
Missing character: There is no ä¾‹ in font nullfont!
Missing character: There is no å¦‚ in font nullfont!
Missing character: There is no G in font nullfont!
Missing character: There is no A in font nullfont!
Missing character: There is no N in font nullfont!
Missing character: There is no èƒ½ in font nullfont!
Missing character: There is no å¤Ÿ in font nullfont!
Missing character: There is no è‡ª in font nullfont!
Missing character: There is no åŠ¨ in font nullfont!
Missing character: There is no ç”Ÿ in font nullfont!
Missing character: There is no äº§ in font nullfont!
Missing character: There is no å›¾ in font nullfont!
Missing character: There is no ç‰‡ in font nullfont!
Missing character: There is no ï¼Œ in font nullfont!
Missing character: There is no p in font nullfont!
Missing character: There is no i in font nullfont!
Missing character: There is no x in font nullfont!
Missing character: There is no e in font nullfont!
Missing character: There is no l in font nullfont!
Missing character: There is no 2 in font nullfont!
Missing character: There is no p in font nullfont!
Missing character: There is no i in font nullfont!
Missing character: There is no x in font nullfont!
Missing character: There is no e in font nullfont!
Missing character: There is no l in font nullfont!
Missing character: There is no èƒ½ in font nullfont!
Missing character: There is no å¤Ÿ in font nullfont!
Missing character: There is no è‡ª in font nullfont!
Missing character: There is no åŠ¨ in font nullfont!
Missing character: There is no ä¾ in font nullfont!
Missing character: There is no æ® in font nullfont!
Missing character: There is no å·² in font nullfont!
Missing character: There is no æœ‰ in font nullfont!
Missing character: There is no é£ in font nullfont!
Missing character: There is no æ ¼ in font nullfont!
Missing character: There is no è¿› in font nullfont!
Missing character: There is no è¡Œ in font nullfont!
Missing character: There is no è‰² in font nullfont!
Missing character: There is no å½© in font nullfont!
Missing character: There is no å¡« in font nullfont!
Missing character: There is no å…… in font nullfont!
Missing character: There is no ï¼Œ in font nullfont!
Missing character: There is no P in font nullfont!
Missing character: There is no a in font nullfont!
Missing character: There is no i in font nullfont!
Missing character: There is no n in font nullfont!
Missing character: There is no t in font nullfont!
Missing character: There is no s in font nullfont!
Missing character: There is no C in font nullfont!
Missing character: There is no h in font nullfont!
Missing character: There is no a in font nullfont!
Missing character: There is no i in font nullfont!
Missing character: There is no n in font nullfont!
Missing character: There is no e in font nullfont!
Missing character: There is no r in font nullfont!
Missing character: There is no èƒ½ in font nullfont!
Missing character: There is no åœ¨ in font nullfont!
Missing character: There is no æ ‡ in font nullfont!
Missing character: There is no æ³¨ in font nullfont!
Missing character: There is no é¢œ in font nullfont!
Missing character: There is no è‰² in font nullfont!
Missing character: There is no çš„ in font nullfont!
Missing character: There is no æƒ… in font nullfont!
Missing character: There is no å†µ in font nullfont!
Missing character: There is no ä¸‹ in font nullfont!
Missing character: There is no ä¸º in font nullfont!
Missing character: There is no äºŒ in font nullfont!
Missing character: There is no æ¬¡ in font nullfont!
Missing character: There is no å…ƒ in font nullfont!
Missing character: There is no å›¾ in font nullfont!
Missing character: There is no ç‰‡ in font nullfont!
Missing character: There is no è‡ª in font nullfont!
Missing character: There is no åŠ¨ in font nullfont!
Missing character: There is no ä¸Š in font nullfont!
Missing character: There is no è‰² in font nullfont!
Missing character: There is no ã€‚ in font nullfont!

Overfull \hbox (20.0pt too wide) in paragraph at lines 3--4
[]
 []


! LaTeX Error: Missing \begin{document}.

See the LaTeX manual or LaTeX Companion for explanation.
Type  H <return>  for immediate help.
 ...                                              
                                                  
l.5 æœ¬
       æ–‡æå‡ºäº†ä¸€ç§åŸºäºè¯­ä¹‰æ™ºèƒ½ç†è§£çš„è‡ªåŠ¨é…è‰²å’Œä¸Šè‰²ç³»...

You're in trouble here.  Try typing  <return>  to proceed.
If that doesn't work, type  X <return>  to quit.

Missing character: There is no æœ¬ in font nullfont!
Missing character: There is no æ–‡ in font nullfont!
Missing character: There is no æ in font nullfont!
Missing character: There is no å‡º in font nullfont!
Missing character: There is no äº† in font nullfont!
Missing character: There is no ä¸€ in font nullfont!
Missing character: There is no ç§ in font nullfont!
Missing character: There is no åŸº in font nullfont!
Missing character: There is no äº in font nullfont!
Missing character: There is no è¯­ in font nullfont!
Missing character: There is no ä¹‰ in font nullfont!
Missing character: There is no æ™º in font nullfont!
Missing character: There is no èƒ½ in font nullfont!
Missing character: There is no ç† in font nullfont!
Missing character: There is no è§£ in font nullfont!
Missing character: There is no çš„ in font nullfont!
Missing character: There is no è‡ª in font nullfont!
Missing character: There is no åŠ¨ in font nullfont!
Missing character: There is no é… in font nullfont!
Missing character: There is no è‰² in font nullfont!
Missing character: There is no å’Œ in font nullfont!
Missing character: There is no ä¸Š in font nullfont!
Missing character: There is no è‰² in font nullfont!
Missing character: There is no ç³» in font nullfont!
Missing character: There is no ç»Ÿ in font nullfont!
Missing character: There is no ã€‚ in font nullfont!
Missing character: There is no è¯¥ in font nullfont!
Missing character: There is no ç³» in font nullfont!
Missing character: There is no ç»Ÿ in font nullfont!
Missing character: There is no ä¸» in font nullfont!
Missing character: There is no è¦ in font nullfont!
Missing character: There is no è§£ in font nullfont!
Missing character: There is no å†³ in font nullfont!
Missing character: There is no äº† in font nullfont!
Missing character: There is no ç›® in font nullfont!
Missing character: There is no å‰ in font nullfont!
Missing character: There is no è‡ª in font nullfont!
Missing character: There is no åŠ¨ in font nullfont!
Missing character: There is no ä¸Š in font nullfont!
Missing character: There is no è‰² in font nullfont!
Missing character: There is no ç³» in font nullfont!
Missing character: There is no ç»Ÿ in font nullfont!
Missing character: There is no åª in font nullfont!
Missing character: There is no èƒ½ in font nullfont!
Missing character: There is no é€š in font nullfont!
Missing character: There is no è¿‡ in font nullfont!
Missing character: There is no æ ‡ in font nullfont!
Missing character: There is no æ³¨ in font nullfont!
Missing character: There is no è‰² in font nullfont!
Missing character: There is no å½© in font nullfont!
Missing character: There is no ã€ in font nullfont!
Missing character: There is no æœ‰ in font nullfont!
Missing character: There is no é™ in font nullfont!
Missing character: There is no ç±» in font nullfont!
Missing character: There is no å‹ in font nullfont!
Missing character: There is no è¿› in font nullfont!
Missing character: There is no è¡Œ in font nullfont!
Missing character: There is no è‰² in font nullfont!
Missing character: There is no å½© in font nullfont!
Missing character: There is no å¡« in font nullfont!
Missing character: There is no å…… in font nullfont!
Missing character: There is no æˆ– in font nullfont!
Missing character: There is no ä¾ in font nullfont!
Missing character: There is no èµ– in font nullfont!
Missing character: There is no å·² in font nullfont!
Missing character: There is no æœ‰ in font nullfont!
Missing character: There is no è‰² in font nullfont!
Missing character: There is no å½© in font nullfont!
Missing character: There is no é£ in font nullfont!
Missing character: There is no æ ¼ in font nullfont!
Missing character: There is no è¿› in font nullfont!
Missing character: There is no è¡Œ in font nullfont!
Missing character: There is no è¿ in font nullfont!
Missing character: There is no ç§» in font nullfont!
Missing character: There is no ï¼Œ in font nullfont!
Missing character: There is no ä» in font nullfont!
Missing character: There is no è€Œ in font nullfont!
Missing character: There is no ä½¿ in font nullfont!
Missing character: There is no å¾— in font nullfont!
Missing character: There is no ç³» in font nullfont!
Missing character: There is no ç»Ÿ in font nullfont!
Missing character: There is no æ›´ in font nullfont!
Missing character: There is no åŠ  in font nullfont!
Missing character: There is no æ™º in font nullfont!
Missing character: There is no èƒ½ in font nullfont!
Missing character: There is no ï¼Œ in font nullfont!
Missing character: There is no å¯ in font nullfont!
Missing character: There is no ä»¥ in font nullfont!
Missing character: There is no ç›´ in font nullfont!
Missing character: There is no æ¥ in font nullfont!
Missing character: There is no å¯¹ in font nullfont!
Missing character: There is no äºº in font nullfont!
Missing character: There is no ç±» in font nullfont!
Missing character: There is no çš„ in font nullfont!
Missing character: There is no è¯­ in font nullfont!
Missing character: There is no è¨€ in font nullfont!
Missing character: There is no è¿› in font nullfont!
Missing character: There is no è¡Œ in font nullfont!
Missing character: There is no å“ in font nullfont!
Missing character: There is no åº” in font nullfont!
Missing character: There is no ã€‚ in font nullfont!
Missing character: There is no å¯¹ in font nullfont!
Missing character: There is no äº in font nullfont!
Missing character: There is no è®¾ in font nullfont!
Missing character: There is no è®¡ in font nullfont!
Missing character: There is no å¸ˆ in font nullfont!
Missing character: There is no è€Œ in font nullfont!
Missing character: There is no è¨€ in font nullfont!
Missing character: There is no ï¼Œ in font nullfont!
Missing character: There is no æœ¬ in font nullfont!
Missing character: There is no ç³» in font nullfont!
Missing character: There is no ç»Ÿ in font nullfont!
Missing character: There is no å¯ in font nullfont!
Missing character: There is no ä»¥ in font nullfont!
Missing character: There is no å°† in font nullfont!
Missing character: There is no æ–‡ in font nullfont!
Missing character: There is no æœ¬ in font nullfont!
Missing character: There is no çš„ in font nullfont!
Missing character: There is no æ in font nullfont!
Missing character: There is no è¿° in font nullfont!
Missing character: There is no ï¼Œ in font nullfont!
Missing character: There is no å³ in font nullfont!
Missing character: There is no æ—¶ in font nullfont!
Missing character: There is no è½¬ in font nullfont!
Missing character: There is no åŒ– in font nullfont!
Missing character: There is no ä¸º in font nullfont!
Missing character: There is no é… in font nullfont!
Missing character: There is no è‰² in font nullfont!
Missing character: There is no æ–¹ in font nullfont!
Missing character: There is no æ¡ˆ in font nullfont!
Missing character: There is no å¯¹ in font nullfont!
Missing character: There is no è®¾ in font nullfont!
Missing character: There is no è®¡ in font nullfont!
Missing character: There is no çº¿ in font nullfont!
Missing character: There is no ç¨¿ in font nullfont!
Missing character: There is no è¿› in font nullfont!
Missing character: There is no è¡Œ in font nullfont!
Missing character: There is no å¡« in font nullfont!
Missing character: There is no å…… in font nullfont!
Missing character: There is no ï¼Œ in font nullfont!
Missing character: There is no å¤§ in font nullfont!
Missing character: There is no å¤§ in font nullfont!
Missing character: There is no æ–¹ in font nullfont!
Missing character: There is no ä¾¿ in font nullfont!
Missing character: There is no äº† in font nullfont!
Missing character: There is no å…¶ in font nullfont!
Missing character: There is no ä½¿ in font nullfont!
Missing character: There is no ç”¨ in font nullfont!
Missing character: There is no ä¾¿ in font nullfont!
Missing character: There is no æ· in font nullfont!
Missing character: There is no æ€§ in font nullfont!
Missing character: There is no ã€‚ in font nullfont!
Missing character: There is no è€Œ in font nullfont!
Missing character: There is no é… in font nullfont!
Missing character: There is no è‰² in font nullfont!
Missing character: There is no æ–¹ in font nullfont!
Missing character: There is no æ¡ˆ in font nullfont!
Missing character: There is no æ¥ in font nullfont!
Missing character: There is no è‡ª in font nullfont!
Missing character: There is no äº in font nullfont!
Missing character: There is no è‰º in font nullfont!
Missing character: There is no æœ¯ in font nullfont!
Missing character: There is no ä½œ in font nullfont!
Missing character: There is no å“ in font nullfont!
Missing character: There is no ï¼Œ in font nullfont!
Missing character: There is no æœ‰ in font nullfont!
Missing character: There is no ç‹¬ in font nullfont!
Missing character: There is no ç‰¹ in font nullfont!
Missing character: There is no çš„ in font nullfont!
Missing character: There is no å®¡ in font nullfont!
Missing character: There is no ç¾ in font nullfont!
Missing character: There is no æ€§ in font nullfont!
Missing character: There is no å¯ in font nullfont!
Missing character: There is no ä»¥ in font nullfont!
Missing character: There is no å¸® in font nullfont!
Missing character: There is no åŠ© in font nullfont!
Missing character: There is no åˆ° in font nullfont!
Missing character: There is no è®¾ in font nullfont!
Missing character: There is no è®¡ in font nullfont!
Missing character: There is no å¸ˆ in font nullfont!
Missing character: There is no ã€‚ in font nullfont!

Overfull \hbox (20.0pt too wide) in paragraph at lines 5--6
[]
 []


! LaTeX Error: Missing \begin{document}.

See the LaTeX manual or LaTeX Companion for explanation.
Type  H <return>  for immediate help.
 ...                                              
                                                  
l.7 æœ¬
       æ–‡ä¸ºè§£å†³è¿™ä¸€é—®é¢˜ä½¿ç”¨äº†3ä¸ªåˆ›æ–°ç‚¹ï¼š 1. ä½¿ç”¨äº†æ·±åº¦å...

You're in trouble here.  Try typing  <return>  to proceed.
If that doesn't work, type  X <return>  to quit.

Missing character: There is no æœ¬ in font nullfont!
Missing character: There is no æ–‡ in font nullfont!
Missing character: There is no ä¸º in font nullfont!
Missing character: There is no è§£ in font nullfont!
Missing character: There is no å†³ in font nullfont!
Missing character: There is no è¿™ in font nullfont!
Missing character: There is no ä¸€ in font nullfont!
Missing character: There is no é—® in font nullfont!
Missing character: There is no é¢˜ in font nullfont!
Missing character: There is no ä½¿ in font nullfont!
Missing character: There is no ç”¨ in font nullfont!
Missing character: There is no äº† in font nullfont!
Missing character: There is no 3 in font nullfont!
Missing character: There is no ä¸ª in font nullfont!
Missing character: There is no åˆ› in font nullfont!
Missing character: There is no æ–° in font nullfont!
Missing character: There is no ç‚¹ in font nullfont!
Missing character: There is no ï¼š in font nullfont!
Missing character: There is no 1 in font nullfont!
Missing character: There is no . in font nullfont!
Missing character: There is no ä½¿ in font nullfont!
Missing character: There is no ç”¨ in font nullfont!
Missing character: There is no äº† in font nullfont!
Missing character: There is no æ·± in font nullfont!
Missing character: There is no åº¦ in font nullfont!
Missing character: There is no å­¦ in font nullfont!
Missing character: There is no ä¹  in font nullfont!
Missing character: There is no æ¨¡ in font nullfont!
Missing character: There is no å‹ in font nullfont!
Missing character: There is no å¯¹ in font nullfont!
Missing character: There is no è¯­ in font nullfont!
Missing character: There is no ä¹‰ in font nullfont!
Missing character: There is no è¿› in font nullfont!
Missing character: There is no è¡Œ in font nullfont!
Missing character: There is no ç† in font nullfont!
Missing character: There is no è§£ in font nullfont!
Missing character: There is no ï¼› in font nullfont!
Missing character: There is no 2 in font nullfont!
Missing character: There is no . in font nullfont!
Missing character: There is no å°† in font nullfont!
Missing character: There is no å›¾ in font nullfont!
Missing character: There is no ç‰‡ in font nullfont!
Missing character: There is no ä¿¡ in font nullfont!
Missing character: There is no æ¯ in font nullfont!
Missing character: There is no ä¸ in font nullfont!
Missing character: There is no è¯­ in font nullfont!
Missing character: There is no ä¹‰ in font nullfont!
Missing character: There is no å±‚ in font nullfont!
Missing character: There is no é¢ in font nullfont!
Missing character: There is no çš„ in font nullfont!
Missing character: There is no éš in font nullfont!
Missing character: There is no è— in font nullfont!
Missing character: There is no ä¿¡ in font nullfont!
Missing character: There is no æ¯ in font nullfont!
Missing character: There is no è¿› in font nullfont!
Missing character: There is no è¡Œ in font nullfont!
Missing character: There is no å…³ in font nullfont!
Missing character: There is no è” in font nullfont!
Missing character: There is no ï¼Œ in font nullfont!
Missing character: There is no å…¶ in font nullfont!
Missing character: There is no å›¾ in font nullfont!
Missing character: There is no ç‰‡ in font nullfont!
Missing character: There is no é£ in font nullfont!
Missing character: There is no æ ¼ in font nullfont!
Missing character: There is no ç›¸ in font nullfont!
Missing character: There is no ä¼¼ in font nullfont!
Missing character: There is no æ€§ in font nullfont!
Missing character: There is no çš„ in font nullfont!
Missing character: There is no å in font nullfont!
Missing character: There is no åº in font nullfont!
Missing character: There is no ç‰¹ in font nullfont!
Missing character: There is no æ€§ in font nullfont!
Missing character: There is no è¢« in font nullfont!
Missing character: There is no ä¿ in font nullfont!
Missing character: There is no æŒ in font nullfont!
Missing character: There is no åˆ° in font nullfont!
Missing character: There is no å…¶ in font nullfont!
Missing character: There is no è¯­ in font nullfont!
Missing character: There is no ä¹‰ in font nullfont!
Missing character: There is no æ in font nullfont!
Missing character: There is no è¿° in font nullfont!
Missing character: There is no çš„ in font nullfont!
Missing character: There is no å in font nullfont!
Missing character: There is no åº in font nullfont!
Missing character: There is no ç‰¹ in font nullfont!
Missing character: There is no æ€§ in font nullfont!
Missing character: There is no ä¸­ in font nullfont!
Missing character: There is no ï¼› in font nullfont!
Missing character: There is no 3 in font nullfont!
Missing character: There is no . in font nullfont!
Missing character: There is no æœ¬ in font nullfont!
Missing character: There is no æ–‡ in font nullfont!
Missing character: There is no ä½¿ in font nullfont!
Missing character: There is no ç”¨ in font nullfont!
Missing character: There is no äº† in font nullfont!
Missing character: There is no æ³› in font nullfont!
Missing character: There is no æ´ª in font nullfont!
Missing character: There is no å¡« in font nullfont!
Missing character: There is no å…… in font nullfont!
Missing character: There is no ç®— in font nullfont!
Missing character: There is no æ³• in font nullfont!
Missing character: There is no ( in font nullfont!
Missing character: There is no F in font nullfont!
Missing character: There is no l in font nullfont!
Missing character: There is no o in font nullfont!
Missing character: There is no o in font nullfont!
Missing character: There is no d in font nullfont!
Missing character: There is no F in font nullfont!
Missing character: There is no i in font nullfont!
Missing character: There is no l in font nullfont!
Missing character: There is no l in font nullfont!
Missing character: There is no A in font nullfont!
Missing character: There is no l in font nullfont!
Missing character: There is no g in font nullfont!
Missing character: There is no o in font nullfont!
Missing character: There is no r in font nullfont!
Missing character: There is no i in font nullfont!
Missing character: There is no t in font nullfont!
Missing character: There is no h in font nullfont!
Missing character: There is no m in font nullfont!
Missing character: There is no ) in font nullfont!
Missing character: There is no ä¸ in font nullfont!
Missing character: There is no éš in font nullfont!
Missing character: There is no æœº in font nullfont!
Missing character: There is no æ¸¸ in font nullfont!
Missing character: There is no èµ° in font nullfont!
Missing character: There is no ï¼ˆ in font nullfont!
Missing character: There is no R in font nullfont!
Missing character: There is no a in font nullfont!
Missing character: There is no n in font nullfont!
Missing character: There is no d in font nullfont!
Missing character: There is no o in font nullfont!
Missing character: There is no m in font nullfont!
Missing character: There is no W in font nullfont!
Missing character: There is no a in font nullfont!
Missing character: There is no l in font nullfont!
Missing character: There is no k in font nullfont!
Missing character: There is no ï¼‰ in font nullfont!
Missing character: There is no çš„ in font nullfont!
Missing character: There is no æ–¹ in font nullfont!
Missing character: There is no å¼ in font nullfont!
Missing character: There is no ï¼Œ in font nullfont!
Missing character: There is no å¯¹ in font nullfont!
Missing character: There is no å›¾ in font nullfont!
Missing character: There is no åƒ in font nullfont!
Missing character: There is no è¿› in font nullfont!
Missing character: There is no è¡Œ in font nullfont!
Missing character: There is no è‡ª in font nullfont!
Missing character: There is no åŠ¨ in font nullfont!
Missing character: There is no å¡« in font nullfont!
Missing character: There is no å…… in font nullfont!
Missing character: There is no ï¼› in font nullfont!

Overfull \hbox (20.0pt too wide) in paragraph at lines 7--8
[]
 []


! LaTeX Error: Missing \begin{document}.

See the LaTeX manual or LaTeX Companion for explanation.
Type  H <return>  for immediate help.
 ...                                              
                                                  
l.9 æ–‡
       æœ¬è§£å†³çš„éš¾ç‚¹ä¸€å…±æœ‰4ç‚¹ï¼š 1. ä½¿ç”¨word2vectå¯¹è¾“å…¥çš„æ–‡å...

You're in trouble here.  Try typing  <return>  to proceed.
If that doesn't work, type  X <return>  to quit.

Missing character: There is no æ–‡ in font nullfont!
Missing character: There is no æœ¬ in font nullfont!
Missing character: There is no è§£ in font nullfont!
Missing character: There is no å†³ in font nullfont!
Missing character: There is no çš„ in font nullfont!
Missing character: There is no éš¾ in font nullfont!
Missing character: There is no ç‚¹ in font nullfont!
Missing character: There is no ä¸€ in font nullfont!
Missing character: There is no å…± in font nullfont!
Missing character: There is no æœ‰ in font nullfont!
Missing character: There is no 4 in font nullfont!
Missing character: There is no ç‚¹ in font nullfont!
Missing character: There is no ï¼š in font nullfont!
Missing character: There is no 1 in font nullfont!
Missing character: There is no . in font nullfont!
Missing character: There is no ä½¿ in font nullfont!
Missing character: There is no ç”¨ in font nullfont!
Missing character: There is no w in font nullfont!
Missing character: There is no o in font nullfont!
Missing character: There is no r in font nullfont!
Missing character: There is no d in font nullfont!
Missing character: There is no 2 in font nullfont!
Missing character: There is no v in font nullfont!
Missing character: There is no e in font nullfont!
Missing character: There is no c in font nullfont!
Missing character: There is no t in font nullfont!
Missing character: There is no å¯¹ in font nullfont!
Missing character: There is no è¾“ in font nullfont!
Missing character: There is no å…¥ in font nullfont!
Missing character: There is no çš„ in font nullfont!
Missing character: There is no æ–‡ in font nullfont!
Missing character: There is no å­— in font nullfont!
Missing character: There is no ã€ in font nullfont!
Missing character: There is no è‰º in font nullfont!
Missing character: There is no æœ¯ in font nullfont!
Missing character: There is no å“ in font nullfont!
Missing character: There is no çš„ in font nullfont!
Missing character: There is no æ–‡ in font nullfont!
Missing character: There is no æœ¬ in font nullfont!
Missing character: There is no ä¿¡ in font nullfont!
Missing character: There is no æ¯ in font nullfont!
Missing character: There is no è¿› in font nullfont!
Missing character: There is no è¡Œ in font nullfont!
Missing character: There is no è¯­ in font nullfont!
Missing character: There is no ä¹‰ in font nullfont!
Missing character: There is no ç† in font nullfont!
Missing character: There is no è§£ in font nullfont!
Missing character: There is no ï¼Œ in font nullfont!
Missing character: There is no è®¾ in font nullfont!
Missing character: There is no è®¡ in font nullfont!
Missing character: There is no å¸¦ in font nullfont!
Missing character: There is no æœ‰ in font nullfont!
Missing character: There is no è¯­ in font nullfont!
Missing character: There is no ä¹‰ in font nullfont!
Missing character: There is no ä¿¡ in font nullfont!
Missing character: There is no æ¯ in font nullfont!
Missing character: There is no çš„ in font nullfont!
Missing character: There is no ç¼– in font nullfont!
Missing character: There is no ç  in font nullfont!
Missing character: There is no å½¢ in font nullfont!
Missing character: There is no å¼ in font nullfont!
Missing character: There is no ï¼› in font nullfont!
Missing character: There is no 2 in font nullfont!
Missing character: There is no . in font nullfont!
Missing character: There is no è¾“ in font nullfont!
Missing character: There is no å…¥ in font nullfont!
Missing character: There is no æ–‡ in font nullfont!
Missing character: There is no å­— in font nullfont!
Missing character: There is no çš„ in font nullfont!
Missing character: There is no ç¼– in font nullfont!
Missing character: There is no ç  in font nullfont!
Missing character: There is no ä¿¡ in font nullfont!
Missing character: There is no æ¯ in font nullfont!
Missing character: There is no ä¸ in font nullfont!
Missing character: There is no è‰º in font nullfont!
Missing character: There is no æœ¯ in font nullfont!
Missing character: There is no å“ in font nullfont!
Missing character: There is no æ–‡ in font nullfont!
Missing character: There is no æœ¬ in font nullfont!
Missing character: There is no çš„ in font nullfont!
Missing character: There is no ç¼– in font nullfont!
Missing character: There is no ç  in font nullfont!
Missing character: There is no ä¿¡ in font nullfont!
Missing character: There is no æ¯ in font nullfont!
Missing character: There is no å¯¹ in font nullfont!
Missing character: There is no æ¯” in font nullfont!
Missing character: There is no ï¼Œ in font nullfont!
Missing character: There is no éœ€ in font nullfont!
Missing character: There is no è¦ in font nullfont!
Missing character: There is no æœ in font nullfont!
Missing character: There is no ç´¢ in font nullfont!
Missing character: There is no å…¶ in font nullfont!
Missing character: There is no ä¸­ in font nullfont!
Missing character: There is no è· in font nullfont!
Missing character: There is no ç¦» in font nullfont!
Missing character: There is no æœ€ in font nullfont!
Missing character: There is no è¿‘ in font nullfont!
Missing character: There is no è€… in font nullfont!
Missing character: There is no ï¼› in font nullfont!
Missing character: There is no 3 in font nullfont!
Missing character: There is no . in font nullfont!
Missing character: There is no è‰º in font nullfont!
Missing character: There is no æœ¯ in font nullfont!
Missing character: There is no å“ in font nullfont!
Missing character: There is no çš„ in font nullfont!
Missing character: There is no è‰² in font nullfont!
Missing character: There is no å½© in font nullfont!
Missing character: There is no ç‰¹ in font nullfont!
Missing character: There is no å¾ in font nullfont!
Missing character: There is no æ in font nullfont!
Missing character: There is no å– in font nullfont!
Missing character: There is no ï¼› in font nullfont!
Missing character: There is no 4 in font nullfont!
Missing character: There is no . in font nullfont!
Missing character: There is no ä¸Š in font nullfont!
Missing character: There is no è‰² in font nullfont!
Missing character: There is no å‡º in font nullfont!
Missing character: There is no ç° in font nullfont!
Missing character: There is no çš„ in font nullfont!
Missing character: There is no ä¸€ in font nullfont!
Missing character: There is no ç³» in font nullfont!
Missing character: There is no åˆ— in font nullfont!
Missing character: There is no é—® in font nullfont!
Missing character: There is no é¢˜ in font nullfont!
Missing character: There is no ï¼š in font nullfont!
Missing character: There is no è‰² in font nullfont!
Missing character: There is no å½© in font nullfont!
Missing character: There is no è¿ in font nullfont!
Missing character: There is no ç»­ in font nullfont!
Missing character: There is no æ€§ in font nullfont!
Missing character: There is no ã€ in font nullfont!
Missing character: There is no è‰² in font nullfont!
Missing character: There is no å½© in font nullfont!
Missing character: There is no æ¯” in font nullfont!
Missing character: There is no ä¾‹ in font nullfont!
Missing character: There is no ã€ in font nullfont!
Missing character: There is no æ•ˆ in font nullfont!
Missing character: There is no æœ in font nullfont!
Missing character: There is no å›¾ in font nullfont!
Missing character: There is no çš„ in font nullfont!
Missing character: There is no å…‰ in font nullfont!
Missing character: There is no å½± in font nullfont!
Missing character: There is no æ•ˆ in font nullfont!
Missing character: There is no æœ in font nullfont!
Missing character: There is no ã€‚ in font nullfont!

Overfull \hbox (20.0pt too wide) in paragraph at lines 9--10
[]
 []


! LaTeX Error: Missing \begin{document}.

See the LaTeX manual or LaTeX Companion for explanation.
Type  H <return>  for immediate help.
 ...                                              
                                                  
l.11 æ­¤
        ç®—æ³•åœ¨å®¤å†…è®¾è®¡çº¿ç¨¿å›¾çº¸çš„å®é™…æµ‹è¯•ä¸­å–å¾—äº†è‰¯å¥½çš...

You're in trouble here.  Try typing  <return>  to proceed.
If that doesn't work, type  X <return>  to quit.

Missing character: There is no æ­¤ in font nullfont!
Missing character: There is no ç®— in font nullfont!
Missing character: There is no æ³• in font nullfont!
Missing character: There is no åœ¨ in font nullfont!
Missing character: There is no å®¤ in font nullfont!
Missing character: There is no å†… in font nullfont!
Missing character: There is no è®¾ in font nullfont!
Missing character: There is no è®¡ in font nullfont!
Missing character: There is no çº¿ in font nullfont!
Missing character: There is no ç¨¿ in font nullfont!
Missing character: There is no å›¾ in font nullfont!
Missing character: There is no çº¸ in font nullfont!
Missing character: There is no çš„ in font nullfont!
Missing character: There is no å® in font nullfont!
Missing character: There is no é™… in font nullfont!
Missing character: There is no æµ‹ in font nullfont!
Missing character: There is no è¯• in font nullfont!
Missing character: There is no ä¸­ in font nullfont!
Missing character: There is no å– in font nullfont!
Missing character: There is no å¾— in font nullfont!
Missing character: There is no äº† in font nullfont!
Missing character: There is no è‰¯ in font nullfont!
Missing character: There is no å¥½ in font nullfont!
Missing character: There is no çš„ in font nullfont!
Missing character: There is no ç»“ in font nullfont!
Missing character: There is no æœ in font nullfont!
Missing character: There is no ã€‚ in font nullfont!
Missing character: There is no è¾¾ in font nullfont!
Missing character: There is no åˆ° in font nullfont!
Missing character: There is no äº† in font nullfont!
Missing character: There is no ç›® in font nullfont!
Missing character: There is no å‰ in font nullfont!
Missing character: There is no ä¸š in font nullfont!
Missing character: There is no ç•Œ in font nullfont!
Missing character: There is no çš„ in font nullfont!
Missing character: There is no æœ€ in font nullfont!
Missing character: There is no å¥½ in font nullfont!
Missing character: There is no æ•ˆ in font nullfont!
Missing character: There is no æœ in font nullfont!
Missing character: There is no ã€‚ in font nullfont!

Overfull \hbox (20.0pt too wide) in paragraph at lines 11--12
[] 
 []


! LaTeX Error: Missing \begin{document}.

See the LaTeX manual or LaTeX Companion for explanation.
Type  H <return>  for immediate help.
 ...                                              
                                                  
l.17     \textbf{å…³é”®è¯}
                            \; è®¡ç®—æœºè¾…åŠ©è®¾è®¡ \; æ·±åº¦å­¦ä¹ \; è¡¨ç¤...

You're in trouble here.  Try typing  <return>  to proceed.
If that doesn't work, type  X <return>  to quit.

Missing character: There is no å…³ in font [lmroman10-bold]:mapping=tex-text;!
Missing character: There is no é”® in font [lmroman10-bold]:mapping=tex-text;!
Missing character: There is no è¯ in font [lmroman10-bold]:mapping=tex-text;!
! Missing $ inserted.
<inserted text> 
                $
l.17     \textbf{å…³é”®è¯} \;
                               è®¡ç®—æœºè¾…åŠ©è®¾è®¡ \; æ·±åº¦å­¦ä¹ \; è¡¨ç¤...
I've inserted a begin-math/end-math symbol since I think
you left one out. Proceed, with fingers crossed.

LaTeX Font Info:    External font `cmex10' loaded for size
(Font)              <7> on input line 17.
LaTeX Font Info:    External font `cmex10' loaded for size
(Font)              <5> on input line 17.
! Missing $ inserted.
<inserted text> 
                $
l.17 ... \; è¡¨ç¤ºå­¦ä¹ \; è‡ªç„¶è¯­è¨€ç†è§£ \par
                                                  
I've inserted a begin-math/end-math symbol since I think
you left one out. Proceed, with fingers crossed.

Missing character: There is no è®¡ in font cmr10!
Missing character: There is no ç®— in font cmr10!
Missing character: There is no æœº in font cmr10!
Missing character: There is no è¾… in font cmr10!
Missing character: There is no åŠ© in font cmr10!
Missing character: There is no è®¾ in font cmr10!
Missing character: There is no è®¡ in font cmr10!
Missing character: There is no æ·± in font cmr10!
Missing character: There is no åº¦ in font cmr10!
Missing character: There is no å­¦ in font cmr10!
Missing character: There is no ä¹  in font cmr10!
Missing character: There is no è¡¨ in font cmr10!
Missing character: There is no ç¤º in font cmr10!
Missing character: There is no å­¦ in font cmr10!
Missing character: There is no ä¹  in font cmr10!
Missing character: There is no è‡ª in font cmr10!
Missing character: There is no ç„¶ in font cmr10!
Missing character: There is no è¯­ in font cmr10!
Missing character: There is no è¨€ in font cmr10!
Missing character: There is no ç† in font cmr10!
Missing character: There is no è§£ in font cmr10!

Overfull \hbox (8.4pt too wide) in paragraph at lines 17--17
[]\TU/lmr/bx/n/10 å…³é”®è¯
 []

)
! Emergency stop.
<*> abstract-zh.tex
                   
*** (job aborted, no legal \end found)

 
Here is how much of TeX's memory you used:
 10 strings out of 493005
 172 string characters out of 6134595
 61634 words of memory out of 5000000
 4081 multiletter control sequences out of 15000+600000
 3648 words of font info for 15 fonts, out of 8000000 for 9000
 1348 hyphenation exceptions out of 8191
 19i,1n,12p,226b,83s stack positions out of 5000i,500n,10000p,200000b,80000s
No pages of output.
